TN:
SF:/Users/brapastor/WebstormProjects/platziverse/platziverse-db/index.js
FN:11,(anonymous_0)
FNF:1
FNH:1
FNDA:9,(anonymous_0)
DA:3,9
DA:4,9
DA:5,9
DA:6,9
DA:8,9
DA:9,9
DA:11,9
DA:12,9
DA:24,9
DA:25,9
DA:26,9
DA:28,9
DA:29,9
DA:31,9
DA:33,9
DA:34,0
DA:37,9
DA:38,9
DA:40,9
LF:19
LH:18
BRDA:33,0,0,0
BRDA:33,0,1,9
BRF:2
BRH:1
end_of_record
TN:
SF:/Users/brapastor/WebstormProjects/platziverse/platziverse-db/lib/agent.js
FN:4,setupAgent
FN:5,createOrUpdate
FN:23,findById
FN:27,findByUuid
FN:35,findAll
FN:39,findConnected
FN:47,findByUsername
FNF:7
FNH:7
FNDA:9,setupAgent
FNDA:2,createOrUpdate
FNDA:1,findById
FNDA:1,findByUuid
FNDA:1,findAll
FNDA:1,findConnected
FNDA:1,findByUsername
DA:4,1
DA:6,2
DA:12,2
DA:14,2
DA:15,1
DA:16,1
DA:19,1
DA:20,1
DA:24,1
DA:28,1
DA:36,1
DA:40,1
DA:48,1
DA:56,9
LF:14
LH:14
BRDA:14,0,0,1
BRDA:14,0,1,1
BRDA:16,1,0,1
BRDA:16,1,1,0
BRF:4
BRH:3
end_of_record
TN:
SF:/Users/brapastor/WebstormProjects/platziverse/platziverse-db/lib/db.js
FN:6,setupDatabase
FNF:1
FNH:1
FNDA:9,setupDatabase
DA:3,1
DA:4,1
DA:6,1
DA:7,9
DA:8,1
DA:11,9
LF:6
LH:6
BRDA:7,0,0,1
BRDA:7,0,1,8
BRF:2
BRH:2
end_of_record
TN:
SF:/Users/brapastor/WebstormProjects/platziverse/platziverse-db/lib/metric.js
FN:3,setupMetric
FN:4,findByAgentUuid
FN:19,findByTypeAgentUuid
FN:38,create
FNF:4
FNH:1
FNDA:9,setupMetric
FNDA:0,findByAgentUuid
FNDA:0,findByTypeAgentUuid
FNDA:0,create
DA:3,1
DA:5,0
DA:20,0
DA:39,0
DA:43,0
DA:45,0
DA:46,0
DA:47,0
DA:51,9
LF:9
LH:2
BRDA:43,0,0,0
BRDA:43,0,1,0
BRF:2
BRH:0
end_of_record
TN:
SF:/Users/brapastor/WebstormProjects/platziverse/platziverse-db/models/agent.js
FN:7,setupAgentModel
FNF:1
FNH:0
FNDA:0,setupAgentModel
DA:3,1
DA:5,1
DA:7,1
DA:8,0
DA:10,0
LF:5
LH:3
BRF:0
BRH:0
end_of_record
TN:
SF:/Users/brapastor/WebstormProjects/platziverse/platziverse-db/models/metric.js
FN:7,setupMetricModel
FNF:1
FNH:0
FNDA:0,setupMetricModel
DA:3,1
DA:5,1
DA:7,1
DA:8,0
DA:10,0
LF:5
LH:3
BRF:0
BRH:0
end_of_record
TN:
SF:/Users/brapastor/WebstormProjects/platziverse/platziverse-db/tests/agent-tests.js
FN:10,(anonymous_4)
FN:49,(anonymous_5)
FN:80,(anonymous_6)
FN:81,(anonymous_7)
FN:86,(anonymous_8)
FN:90,(anonymous_9)
FN:94,(anonymous_10)
FN:101,(anonymous_11)
FN:111,(anonymous_12)
FN:121,(anonymous_13)
FN:132,(anonymous_14)
FN:143,(anonymous_15)
FN:154,(anonymous_16)
FN:164,(anonymous_17)
FNF:14
FNH:14
FNDA:9,(anonymous_4)
FNDA:9,(anonymous_5)
FNDA:9,(anonymous_6)
FNDA:9,(anonymous_7)
FNDA:9,(anonymous_8)
FNDA:1,(anonymous_9)
FNDA:1,(anonymous_10)
FNDA:1,(anonymous_11)
FNDA:1,(anonymous_12)
FNDA:1,(anonymous_13)
FNDA:1,(anonymous_14)
FNDA:1,(anonymous_15)
FNDA:1,(anonymous_16)
FNDA:1,(anonymous_17)
DA:3,1
DA:4,1
DA:5,1
DA:7,1
DA:9,1
DA:13,1
DA:17,1
DA:18,1
DA:19,1
DA:20,1
DA:21,1
DA:22,1
DA:24,1
DA:28,1
DA:35,1
DA:41,1
DA:49,1
DA:50,9
DA:52,9
DA:57,9
DA:58,9
DA:59,1
DA:63,9
DA:64,9
DA:67,9
DA:68,9
DA:71,9
DA:72,9
DA:74,9
DA:75,9
DA:76,9
DA:77,9
DA:79,9
DA:80,9
DA:81,9
DA:83,9
DA:86,1
DA:87,9
DA:90,1
DA:91,1
DA:94,4
DA:95,1
DA:96,1
DA:97,1
DA:98,1
DA:101,3
DA:102,1
DA:104,1
DA:105,1
DA:106,1
DA:108,1
DA:111,3
DA:112,1
DA:114,1
DA:115,1
DA:116,1
DA:118,1
DA:121,3
DA:122,1
DA:124,1
DA:125,1
DA:126,1
DA:128,1
DA:129,1
DA:132,3
DA:133,1
DA:135,1
DA:136,1
DA:137,1
DA:139,1
DA:140,1
DA:143,3
DA:144,1
DA:146,1
DA:147,1
DA:148,1
DA:150,1
DA:151,1
DA:154,3
DA:155,1
DA:157,1
DA:158,1
DA:159,1
DA:161,1
DA:164,6
DA:165,1
DA:167,1
DA:168,1
DA:169,1
DA:172,1
DA:173,1
DA:174,1
DA:176,1
LF:93
LH:93
BRDA:87,0,0,9
BRDA:87,0,1,9
BRF:2
BRH:2
end_of_record
TN:
SF:/Users/brapastor/WebstormProjects/platziverse/platziverse-db/tests/fixtures/agent.js
FN:22,extend
FN:30,(anonymous_1)
FN:31,(anonymous_2)
FN:32,(anonymous_3)
FN:32,(anonymous_4)
FN:33,(anonymous_5)
FN:33,(anonymous_6)
FNF:7
FNH:7
FNDA:3,extend
FNDA:4,(anonymous_1)
FNDA:4,(anonymous_2)
FNDA:10,(anonymous_3)
FNDA:40,(anonymous_4)
FNDA:10,(anonymous_5)
FNDA:40,(anonymous_6)
DA:3,1
DA:15,1
DA:23,3
DA:24,3
DA:27,1
DA:30,4
DA:31,4
DA:32,40
DA:33,40
LF:9
LH:9
BRF:0
BRH:0
end_of_record
